#
# There is insufficient memory for the Java Runtime Environment to continue.
# Native memory allocation (mmap) failed to map 134217728 bytes for G1 virtual space
# Possible reasons:
#   The system is out of physical RAM or swap space
#   The process is running with CompressedOops enabled, and the Java Heap may be blocking the growth of the native heap
# Possible solutions:
#   Reduce memory load on the system
#   Increase physical memory or swap space
#   Check if swap backing store is full
#   Decrease Java heap size (-Xmx/-Xms)
#   Decrease number of Java threads
#   Decrease Java thread stack sizes (-Xss)
#   Set larger code cache with -XX:ReservedCodeCacheSize=
#   JVM is running with Unscaled Compressed Oops mode in which the Java heap is
#     placed in the first 4GB address space. The Java Heap base address is the
#     maximum limit for the native heap growth. Please use -XX:HeapBaseMinAddress
#     to set the Java Heap base and to place the Java Heap above 4GB virtual address.
# This output file may be truncated or incomplete.
#
#  Out of Memory Error (os_windows.cpp:3469), pid=1504, tid=5648
#
# JRE version:  (17.0.1+12) (build )
# Java VM: OpenJDK 64-Bit Server VM (17.0.1+12-39, mixed mode, sharing, tiered, compressed oops, compressed class ptrs, g1 gc, windows-amd64)
# No core dump will be written. Minidumps are not enabled by default on client versions of Windows
#

---------------  S U M M A R Y ------------

Command Line: --add-modules=javafx.controls,javafx.fxml --module-path=C:\Users\Vova\.gradle\caches\modules-2\files-2.1\org.openjfx\javafx-fxml\17\8d79ed85fa9dde644d4b37d93a02a2ef2818769\javafx-fxml-17-win.jar;C:\Users\Vova\.gradle\caches\modules-2\files-2.1\org.openjfx\javafx-controls\17\efc0f4edde079c22987064922530c67fa1350a9b\javafx-controls-17-win.jar;C:\Users\Vova\.gradle\caches\modules-2\files-2.1\org.openjfx\javafx-graphics\17\2c56d252b97eba8b42f049c6ce145172d744ce08\javafx-graphics-17-win.jar;C:\Users\Vova\.gradle\caches\modules-2\files-2.1\org.openjfx\javafx-base\17\b63b9696f73009ca5002f49ec4db73576e2de168\javafx-base-17-win.jar -Dfile.encoding=windows-1251 -Duser.country=US -Duser.language=en -Duser.variant Main

Host: AMD Ryzen 5 1400 Quad-Core Processor           , 8 cores, 7G,  Windows 10 , 64 bit Build 17763 (10.0.17763.2300)
Time: Tue Jan  4 13:33:11 2022 Russia TZ 3 Standard Time elapsed time: 0.014778 seconds (0d 0h 0m 0s)

---------------  T H R E A D  ---------------

Current thread (0x0000019d1f3dedd0):  JavaThread "Unknown thread" [_thread_in_vm, id=5648, stack(0x0000004585600000,0x0000004585700000)]

Stack: [0x0000004585600000,0x0000004585700000]
Native frames: (J=compiled Java code, j=interpreted, Vv=VM code, C=native code)
V  [jvm.dll+0x66fa1a]
V  [jvm.dll+0x7ce5a4]
V  [jvm.dll+0x7cfd4e]
V  [jvm.dll+0x7d03b3]
V  [jvm.dll+0x242b05]
V  [jvm.dll+0x66ca39]
V  [jvm.dll+0x661502]
V  [jvm.dll+0x30081b]
V  [jvm.dll+0x307da6]
V  [jvm.dll+0x357a1e]
V  [jvm.dll+0x357c4f]
V  [jvm.dll+0x2d7ad8]
V  [jvm.dll+0x2d8a44]
V  [jvm.dll+0x7a01e1]
V  [jvm.dll+0x365791]
V  [jvm.dll+0x77f6cc]
V  [jvm.dll+0x3e812f]
V  [jvm.dll+0x3e9bd1]
C  [jli.dll+0x527b]
C  [ucrtbase.dll+0x2268a]
C  [KERNEL32.DLL+0x17974]
C  [ntdll.dll+0x5a2f1]


---------------  P R O C E S S  ---------------

Threads class SMR info:
_java_thread_list=0x00007ffb52507818, length=0, elements={
}

Java Threads: ( => current thread )

Other Threads:
  0x0000019d1f41d2d0 GCTaskThread "GC Thread#0" [stack: 0x0000004585700000,0x0000004585800000] [id=9256]
  0x0000019d1f42f420 ConcurrentGCThread "G1 Main Marker" [stack: 0x0000004585800000,0x0000004585900000] [id=9808]
  0x0000019d1f4309f0 ConcurrentGCThread "G1 Conc#0" [stack: 0x0000004585900000,0x0000004585a00000] [id=1432]

[error occurred during error reporting (printing all threads), id 0xc0000005, EXCEPTION_ACCESS_VIOLATION (0xc0000005) at pc=0x00007ffb51d584b7]

VM state: not at safepoint (not fully initialized)

VM Mutex/Monitor currently owned by a thread:  ([mutex/lock_event])
[0x0000019d1f3db3f0] Heap_lock - owner thread: 0x0000019d1f3dedd0

Heap address: 0x0000000081000000, size: 2032 MB, Compressed Oops mode: 32-bit

CDS archive(s) mapped at: [0x0000000000000000-0x0000000000000000-0x0000000000000000), size 0, SharedBaseAddress: 0x0000000800000000, ArchiveRelocationMode: 0.
Narrow klass base: 0x0000000000000000, Narrow klass shift: 0, Narrow klass range: 0x0

GC Precious Log:
<Empty>

Heap:
 garbage-first heap   total 0K, used 0K [0x0000000081000000, 0x0000000100000000)
  region size 1024K, 0 young (0K), 0 survivors (0K)

[error occurred during error reporting (printing heap information), id 0xc0000005, EXCEPTION_ACCESS_VIOLATION (0xc0000005) at pc=0x00007ffb52138d89]

GC Heap History (0 events):
No events

Deoptimization events (0 events):
No events

Classes unloaded (0 events):
No events

Classes redefined (0 events):
No events

Internal exceptions (0 events):
No events

VM Operations (0 events):
No events

Events (1 events):
Event: 0.006 Loaded shared library C:\Users\Vova\.jdks\openjdk-17.0.1\bin\java.dll


Dynamic libraries:
0x00007ff6da790000 - 0x00007ff6da79e000 	C:\Users\Vova\.jdks\openjdk-17.0.1\bin\java.exe
0x00007ffb9dff0000 - 0x00007ffb9e1dd000 	C:\WINDOWS\SYSTEM32\ntdll.dll
0x00007ffb9ddb0000 - 0x00007ffb9de64000 	C:\WINDOWS\System32\KERNEL32.DLL
0x00007ffb9a310000 - 0x00007ffb9a5a4000 	C:\WINDOWS\System32\KERNELBASE.dll
0x00007ffb9a210000 - 0x00007ffb9a30a000 	C:\WINDOWS\System32\ucrtbase.dll
0x00007ffb80950000 - 0x00007ffb80968000 	C:\Users\Vova\.jdks\openjdk-17.0.1\bin\jli.dll
0x00007ffb83bf0000 - 0x00007ffb83c0a000 	C:\Users\Vova\.jdks\openjdk-17.0.1\bin\VCRUNTIME140.dll
0x00007ffb9b380000 - 0x00007ffb9b517000 	C:\WINDOWS\System32\USER32.dll
0x00007ffb88010000 - 0x00007ffb88289000 	C:\WINDOWS\WinSxS\amd64_microsoft.windows.common-controls_6595b64144ccf1df_6.0.17763.2366_none_de735d0053496d5d\COMCTL32.dll
0x00007ffb9a150000 - 0x00007ffb9a170000 	C:\WINDOWS\System32\win32u.dll
0x00007ffb9de70000 - 0x00007ffb9df0e000 	C:\WINDOWS\System32\msvcrt.dll
0x00007ffb9b550000 - 0x00007ffb9b579000 	C:\WINDOWS\System32\GDI32.dll
0x00007ffb9da80000 - 0x00007ffb9ddad000 	C:\WINDOWS\System32\combase.dll
0x00007ffb9adb0000 - 0x00007ffb9af4c000 	C:\WINDOWS\System32\gdi32full.dll
0x00007ffb9d120000 - 0x00007ffb9d23f000 	C:\WINDOWS\System32\RPCRT4.dll
0x00007ffb9a170000 - 0x00007ffb9a210000 	C:\WINDOWS\System32\msvcp_win.dll
0x00007ffb9a0c0000 - 0x00007ffb9a142000 	C:\WINDOWS\System32\bcryptPrimitives.dll
0x00007ffb9b520000 - 0x00007ffb9b54e000 	C:\WINDOWS\System32\IMM32.DLL
0x00007ffb8ebe0000 - 0x00007ffb8ebec000 	C:\Users\Vova\.jdks\openjdk-17.0.1\bin\vcruntime140_1.dll
0x00007ffb52630000 - 0x00007ffb526bd000 	C:\Users\Vova\.jdks\openjdk-17.0.1\bin\msvcp140.dll
0x00007ffb51a70000 - 0x00007ffb5262e000 	C:\Users\Vova\.jdks\openjdk-17.0.1\bin\server\jvm.dll
0x00007ffb9df10000 - 0x00007ffb9dfb4000 	C:\WINDOWS\System32\ADVAPI32.dll
0x00007ffb9d240000 - 0x00007ffb9d2de000 	C:\WINDOWS\System32\sechost.dll
0x00007ffb9d060000 - 0x00007ffb9d068000 	C:\WINDOWS\System32\PSAPI.DLL
0x00007ffb96a50000 - 0x00007ffb96a59000 	C:\WINDOWS\SYSTEM32\WSOCK32.dll
0x00007ffb980d0000 - 0x00007ffb980f4000 	C:\WINDOWS\SYSTEM32\WINMM.dll
0x00007ffb9cff0000 - 0x00007ffb9d05d000 	C:\WINDOWS\System32\WS2_32.dll
0x00007ffb94e60000 - 0x00007ffb94e6a000 	C:\WINDOWS\SYSTEM32\VERSION.dll
0x00007ffb97ec0000 - 0x00007ffb97eed000 	C:\WINDOWS\SYSTEM32\winmmbase.dll
0x00007ffb9ad00000 - 0x00007ffb9ad4a000 	C:\WINDOWS\System32\cfgmgr32.dll
0x00007ffb9a010000 - 0x00007ffb9a021000 	C:\WINDOWS\System32\kernel.appcore.dll
0x00007ffb8e070000 - 0x00007ffb8e07a000 	C:\Users\Vova\.jdks\openjdk-17.0.1\bin\jimage.dll
0x00007ffb8c5f0000 - 0x00007ffb8c7dd000 	C:\WINDOWS\SYSTEM32\DBGHELP.DLL
0x00007ffb89130000 - 0x00007ffb8915a000 	C:\WINDOWS\SYSTEM32\dbgcore.DLL
0x00007ffb7ce40000 - 0x00007ffb7ce65000 	C:\Users\Vova\.jdks\openjdk-17.0.1\bin\java.dll

dbghelp: loaded successfully - version: 4.0.5 - missing functions: none
symbol engine: initialized successfully - sym options: 0x614 - pdb path: .;C:\Users\Vova\.jdks\openjdk-17.0.1\bin;C:\WINDOWS\SYSTEM32;C:\WINDOWS\WinSxS\amd64_microsoft.windows.common-controls_6595b64144ccf1df_6.0.17763.2366_none_de735d0053496d5d;C:\Users\Vova\.jdks\openjdk-17.0.1\bin\server

VM Arguments:
jvm_args: --add-modules=javafx.controls,javafx.fxml --module-path=C:\Users\Vova\.gradle\caches\modules-2\files-2.1\org.openjfx\javafx-fxml\17\8d79ed85fa9dde644d4b37d93a02a2ef2818769\javafx-fxml-17-win.jar;C:\Users\Vova\.gradle\caches\modules-2\files-2.1\org.openjfx\javafx-controls\17\efc0f4edde079c22987064922530c67fa1350a9b\javafx-controls-17-win.jar;C:\Users\Vova\.gradle\caches\modules-2\files-2.1\org.openjfx\javafx-graphics\17\2c56d252b97eba8b42f049c6ce145172d744ce08\javafx-graphics-17-win.jar;C:\Users\Vova\.gradle\caches\modules-2\files-2.1\org.openjfx\javafx-base\17\b63b9696f73009ca5002f49ec4db73576e2de168\javafx-base-17-win.jar -Dfile.encoding=windows-1251 -Duser.country=US -Duser.language=en -Duser.variant 
java_command: Main
java_class_path (initial): C:\Users\Vova\IdeaProjects\chat\build\classes\java\main;C:\Users\Vova\IdeaProjects\chat\build\classes\scala\main;C:\Users\Vova\IdeaProjects\chat\build\resources\main;C:\Users\Vova\.gradle\caches\modules-2\files-2.1\org.scala-lang\scala-library\2.13.7\92daa1ebe0ac486794379c49d0b70c89a0272012\scala-library-2.13.7.jar
Launcher Type: SUN_STANDARD

[Global flags]
     intx CICompilerCount                          = 4                                         {product} {ergonomic}
     uint ConcGCThreads                            = 2                                         {product} {ergonomic}
     uint G1ConcRefinementThreads                  = 8                                         {product} {ergonomic}
   size_t G1HeapRegionSize                         = 1048576                                   {product} {ergonomic}
    uintx GCDrainStackTargetSize                   = 64                                        {product} {ergonomic}
   size_t InitialHeapSize                          = 134217728                                 {product} {ergonomic}
   size_t MarkStackSize                            = 4194304                                   {product} {ergonomic}
   size_t MaxHeapSize                              = 2130706432                                {product} {ergonomic}
   size_t MinHeapDeltaBytes                        = 1048576                                   {product} {ergonomic}
   size_t MinHeapSize                              = 8388608                                   {product} {ergonomic}
    uintx NonNMethodCodeHeapSize                   = 5839372                                {pd product} {ergonomic}
    uintx NonProfiledCodeHeapSize                  = 122909434                              {pd product} {ergonomic}
    uintx ProfiledCodeHeapSize                     = 122909434                              {pd product} {ergonomic}
    uintx ReservedCodeCacheSize                    = 251658240                              {pd product} {ergonomic}
     bool SegmentedCodeCache                       = true                                      {product} {ergonomic}
   size_t SoftMaxHeapSize                          = 2130706432                             {manageable} {ergonomic}
     bool UseCompressedClassPointers               = true                           {product lp64_product} {ergonomic}
     bool UseCompressedOops                        = true                           {product lp64_product} {ergonomic}
     bool UseG1GC                                  = true                                      {product} {ergonomic}
     bool UseLargePagesIndividualAllocation        = false                                  {pd product} {ergonomic}

Logging:
Log output configuration:
 #0: stdout all=warning uptime,level,tags
 #1: stderr all=off uptime,level,tags

Environment Variables:
PATH=C:\WINDOWS\system32;C:\WINDOWS;C:\WINDOWS\System32\Wbem;C:\WINDOWS\System32\WindowsPowerShell\v1.0\;C:\WINDOWS\System32\OpenSSH\;C:\Program Files\NVIDIA Corporation\NVIDIA NvDLISR;C:\Program Files (x86)\NVIDIA Corporation\PhysX\Common;C:\Users\Vova\AppData\Local\Microsoft\WindowsApps;
USERNAME=Vova
OS=Windows_NT
PROCESSOR_IDENTIFIER=AMD64 Family 23 Model 1 Stepping 1, AuthenticAMD



---------------  S Y S T E M  ---------------

OS:
 Windows 10 , 64 bit Build 17763 (10.0.17763.2300)
OS uptime: 0 days 0:56 hours

CPU: total 8 (initial active 8) (8 cores per cpu, 2 threads per core) family 23 model 1 stepping 1 microcode 0x0, cx8, cmov, fxsr, ht, mmx, 3dnowpref, sse, sse2, sse3, ssse3, sse4a, sse4.1, sse4.2, popcnt, lzcnt, tsc, tscinvbit, avx, avx2, aes, clmul, bmi1, bmi2, adx, sha, fma, vzeroupper, clflush, clflushopt

Memory: 4k page, system-wide physical 8124M (956M free)
TotalPageFile size 18427M (AvailPageFile size 37M)
current process WorkingSet (physical memory assigned to process): 10M, peak: 10M
current process commit charge ("private bytes"): 60M, peak: 188M

vm_info: OpenJDK 64-Bit Server VM (17.0.1+12-39) for windows-amd64 JRE (17.0.1+12-39), built on Sep 27 2021 18:39:29 by "mach5one" with MS VC++ 16.8 (VS2019)

END.
